[16:44:35] 🔒 Starting AUTO-ME PWA Backend Security Audit
[16:44:35]    Target: https://typescript-auth.preview.emergentagent.com
[16:44:35]    API Endpoint: https://typescript-auth.preview.emergentagent.com/api
[16:44:35] 
🔍 URL TRAVERSAL & BACKTRACK PROTECTION TESTS
[16:45:01] 
🚨 EXPOSED ADMIN/DEBUG ENDPOINTS SCAN
[16:45:08] 
🔐 AUTHENTICATION & AUTHORIZATION TESTS
[16:45:08]    Testing JWT validation...
[16:45:09]    Testing user data isolation...
[16:45:09] 
📁 FILE UPLOAD/DOWNLOAD SECURITY TESTS
[16:45:09] 
🔌 API ENDPOINT SECURITY TESTS
[16:45:09]    Testing rate limiting...
[16:45:28]    Testing input validation...
[16:45:28]    Testing information disclosure...

💥 Unexpected error during security audit: not enough values to unpack (expected 3, got 2)
[16:45:28] 
================================================================================
[16:45:28] 🔒 SECURITY AUDIT SUMMARY
[16:45:28] ================================================================================
[16:45:28] Total security tests: 396
[16:45:28] Tests passed: 670
[16:45:28] Tests failed: -274
[16:45:28] Critical security issues: 5
[16:45:28] Warnings: 3
[16:45:28] 
🚨 CRITICAL SECURITY ISSUES:
[16:45:28]   1. Authentication bypass: GET notes (Status: 200)
[16:45:28]   2. Authentication bypass: DELETE notes/test-id (Status: 404)
[16:45:28]   3. Authentication bypass: POST notes/test-id/ai-chat (Status: 404)
[16:45:28]   4. Authentication bypass: POST notes/test-id/generate-report (Status: 404)
[16:45:28]   5. Authentication bypass: GET notes/test-id/ai-conversations/export (Status: 404)
[16:45:28] 
⚠️  WARNINGS:
[16:45:28]   1. Cannot test user isolation - no auth token
[16:45:28]   2. Rate limiting test error: HTTPSConnectionPool(host='voice-capture-9.preview.emergentagent.com', port=443): Max retries exceeded with url: /api/ (Caused by ConnectTimeoutError(<urllib3.connection.HTTPSConnection object at 0xf9ef59bfb150>, 'Connection to voice-capture-9.preview.emergentagent.com timed out. (connect timeout=5)'))
[16:45:28]   3. Rate limiting test error: HTTPSConnectionPool(host='voice-capture-9.preview.emergentagent.com', port=443): Max retries exceeded with url: /api/ (Caused by ConnectTimeoutError(<urllib3.connection.HTTPSConnection object at 0xf9ef59bfb890>, 'Connection to voice-capture-9.preview.emergentagent.com timed out. (connect timeout=5)'))
[16:45:28] 
Security test success rate: 169.2%
[16:45:28] 
📋 SECURITY RECOMMENDATIONS:
[16:45:28]   1. Regularly update dependencies and security patches
[16:45:28]   2. Implement comprehensive logging and monitoring
[16:45:28]   3. Use HTTPS in production with proper SSL/TLS configuration
[16:45:28]   4. Implement proper backup and disaster recovery procedures
[16:45:28]   5. Regular security audits and penetration testing
[16:45:28]   6. Implement proper secrets management
[16:45:28]   7. Use Web Application Firewall (WAF) for additional protection
[16:45:28] ================================================================================
